<?xml version="1.0" encoding="UTF-8"?>
<!-- Generated by org.testng.reporters.JUnitReportReporter -->
<testsuite skipped="0" hostname="shree" name="com.visionIt.freeCrm.TestCases.HomePageTest" tests="1" failures="0" timestamp="2020-01-26T22:02:22 PST" time="24.283" errors="0">
  <testcase name="verifyloggedUserNameTest" time="24.283" classname="com.visionIt.freeCrm.TestCases.HomePageTest"/>
</testsuite> <!-- com.visionIt.freeCrm.TestCases.HomePageTest -->
