<?xml version="1.0" encoding="UTF-8"?>
<!-- Generated by org.testng.reporters.JUnitReportReporter -->
<testsuite skipped="0" hostname="shree" name="com.visionIt.freeCrm.TestCases.LoginPageTest" tests="2" failures="0" timestamp="2020-01-26T09:33:20 PST" time="47.301" errors="0">
  <testcase name="verifyLoginPageTitleTest" time="21.141" classname="com.visionIt.freeCrm.TestCases.LoginPageTest"/>
  <testcase name="verifyLoginIntoAnApplicationTest" time="26.160" classname="com.visionIt.freeCrm.TestCases.LoginPageTest"/>
</testsuite> <!-- com.visionIt.freeCrm.TestCases.LoginPageTest -->
